<?xml version="1.0" encoding="UTF-8"?>
<testng-results ignored="0" total="2" passed="2" failed="0" skipped="0">
  <reporter-output>
  </reporter-output>
  <suite started-at="2025-10-26T20:08:37 IST" name="Default suite" finished-at="2025-10-26T20:09:30 IST" duration-ms="53803">
    <groups>
    </groups>
    <test started-at="2025-10-26T20:08:37 IST" name="Default test" finished-at="2025-10-26T20:09:30 IST" duration-ms="53803">
      <class name="rahulshettyacademy.tests.EndToEndTest">
        <test-method is-config="true" signature="initializeDriver()[pri:0, instance:rahulshettyacademy.tests.EndToEndTest@7f3b84b8]" started-at="2025-10-26T20:08:38 IST" name="initializeDriver" finished-at="2025-10-26T20:08:55 IST" duration-ms="17869" status="PASS">
          <reporter-output>
          </reporter-output>
        </test-method> <!-- initializeDriver -->
        <test-method signature="submitOrderTest(java.util.HashMap)[pri:0, instance:rahulshettyacademy.tests.EndToEndTest@7f3b84b8]" started-at="2025-10-26T20:08:55 IST" name="submitOrderTest" data-provider="getData" finished-at="2025-10-26T20:09:09 IST" duration-ms="13774" status="PASS">
          <params>
            <param index="0">
              <value>
                <![CDATA[{userPwd=Vishnu@123, userEmail=jdvishnu@gmail.com, coupon=rahulshettyacademy, prodNm=ZARA COAT 3}]]>
              </value>
            </param>
          </params>
          <reporter-output>
          </reporter-output>
        </test-method> <!-- submitOrderTest -->
        <test-method is-config="true" signature="closeBrowser()[pri:0, instance:rahulshettyacademy.tests.EndToEndTest@7f3b84b8]" started-at="2025-10-26T20:09:09 IST" name="closeBrowser" finished-at="2025-10-26T20:09:13 IST" duration-ms="3664" status="PASS">
          <reporter-output>
          </reporter-output>
        </test-method> <!-- closeBrowser -->
        <test-method is-config="true" signature="initializeDriver()[pri:0, instance:rahulshettyacademy.tests.EndToEndTest@7f3b84b8]" started-at="2025-10-26T20:09:13 IST" name="initializeDriver" finished-at="2025-10-26T20:09:15 IST" duration-ms="1916" status="PASS">
          <reporter-output>
          </reporter-output>
        </test-method> <!-- initializeDriver -->
        <test-method signature="submitOrderTest(java.util.HashMap)[pri:0, instance:rahulshettyacademy.tests.EndToEndTest@7f3b84b8]" started-at="2025-10-26T20:09:15 IST" name="submitOrderTest" data-provider="getData" finished-at="2025-10-26T20:09:27 IST" duration-ms="11923" status="PASS">
          <params>
            <param index="0">
              <value>
                <![CDATA[{userPwd=Vishnu@123, userEmail=jdvishnu@gmail.com, coupon=rahulshettyacademy, prodNm=ADIDAS ORIGINAL}]]>
              </value>
            </param>
          </params>
          <reporter-output>
          </reporter-output>
        </test-method> <!-- submitOrderTest -->
        <test-method is-config="true" signature="closeBrowser()[pri:0, instance:rahulshettyacademy.tests.EndToEndTest@7f3b84b8]" started-at="2025-10-26T20:09:27 IST" name="closeBrowser" finished-at="2025-10-26T20:09:30 IST" duration-ms="3657" status="PASS">
          <reporter-output>
          </reporter-output>
        </test-method> <!-- closeBrowser -->
      </class> <!-- rahulshettyacademy.tests.EndToEndTest -->
    </test> <!-- Default test -->
  </suite> <!-- Default suite -->
</testng-results>
